This is XeTeX, Version 3.14159265-2.6-0.999991 (TeX Live 2019) (preloaded format=xelatex 2019.11.23)  8 DEC 2019 19:31
entering extended mode
 restricted \write18 enabled.
 file:line:error style messages enabled.
 %&-line parsing enabled.
**/Users/yangqi/source/2d-Ising-Dynamics/tex/report
(/Users/yangqi/source/2d-Ising-Dynamics/tex/report.tex
LaTeX2e <2019-10-01> patch level 3
(/usr/local/texlive/2019/texmf-dist/tex/latex/base/article.cls
Document Class: article 2019/10/25 v1.4k Standard LaTeX document class
(/usr/local/texlive/2019/texmf-dist/tex/latex/base/size10.clo
File: size10.clo 2019/10/25 v1.4k Standard LaTeX file (size option)
)
\c@part=\count80
\c@section=\count81
\c@subsection=\count82
\c@subsubsection=\count83
\c@paragraph=\count84
\c@subparagraph=\count85
\c@figure=\count86
\c@table=\count87
\abovecaptionskip=\skip41
\belowcaptionskip=\skip42
\bibindent=\dimen102
) (/usr/local/texlive/2019/texmf-dist/tex/generic/babel/babel.sty
Package: babel 2019/11/14 3.36 The Babel package
 (/usr/local/texlive/2019/texmf-dist/tex/generic/babel/switch.def
File: switch.def 2019/11/14 3.36 Babel switching mechanism
) (/usr/local/texlive/2019/texmf-dist/tex/generic/babel-english/english.ldf
Language: english 2017/06/06 v3.3r English support from the babel system
 (/usr/local/texlive/2019/texmf-dist/tex/generic/babel/babel.def
File: babel.def 2019/11/14 3.36 Babel common definitions
\babel@savecnt=\count88
\U@D=\dimen103
 (/usr/local/texlive/2019/texmf-dist/tex/generic/babel/xebabel.def (/usr/local/texlive/2019/texmf-dist/tex/generic/babel/txtbabel.def))
\bbl@dirlevel=\count89
)
Package babel Info: \l@canadian = using hyphenrules for english
(babel)             (\language0) on input line 102.
Package babel Info: \l@australian = using hyphenrules for ukenglish
(babel)             (\language21) on input line 105.
Package babel Info: \l@newzealand = using hyphenrules for ukenglish
(babel)             (\language21) on input line 108.
)) (/usr/local/texlive/2019/texmf-dist/tex/latex/base/inputenc.sty
Package: inputenc 2018/08/11 v1.3c Input encoding file
\inpenc@prehook=\toks14
\inpenc@posthook=\toks15


Package inputenc Warning: inputenc package ignored with utf8 based engines.

) (/usr/local/texlive/2019/texmf-dist/tex/latex/base/fontenc.sty
Package: fontenc 2018/08/11 v2.0j Standard LaTeX package
 (/usr/local/texlive/2019/texmf-dist/tex/latex/base/t1enc.def
File: t1enc.def 2018/08/11 v2.0j Standard LaTeX file
LaTeX Font Info:    Redeclaring font encoding T1 on input line 48.
)
LaTeX Font Info:    Trying to load font information for T1+lmr on input line 105.
 (/usr/local/texlive/2019/texmf-dist/tex/latex/lm/t1lmr.fd
File: t1lmr.fd 2009/10/30 v1.6 Font defs for Latin Modern
)) (/usr/local/texlive/2019/texmf-dist/tex/latex/wrapfig/wrapfig.sty
\wrapoverhang=\dimen104
\WF@size=\dimen105
\c@WF@wrappedlines=\count90
\WF@box=\box27
\WF@everypar=\toks16
Package: wrapfig 2003/01/31  v 3.6
) (/usr/local/texlive/2019/texmf-dist/tex/latex/caption/subcaption.sty
Package: subcaption 2019/09/01 v1.3a Sub-captions (AR)
 (/usr/local/texlive/2019/texmf-dist/tex/latex/caption/caption.sty
Package: caption 2019/09/01 v3.3d Customizing captions (AR)
 (/usr/local/texlive/2019/texmf-dist/tex/latex/caption/caption3.sty
Package: caption3 2019/09/01 v1.8d caption3 kernel (AR)
Package caption3 Info: TeX engine: e-TeX on input line 64.
 (/usr/local/texlive/2019/texmf-dist/tex/latex/graphics/keyval.sty
Package: keyval 2014/10/28 v1.15 key=value parser (DPC)
\KV@toks@=\toks17
)
\captionmargin=\dimen106
\captionmargin@=\dimen107
\captionwidth=\dimen108
\caption@tempdima=\dimen109
\caption@indent=\dimen110
\caption@parindent=\dimen111
\caption@hangindent=\dimen112
)
\c@caption@flags=\count91
\c@ContinuedFloat=\count92
Package caption Info: wrapfig package is loaded.
)
\c@subfigure=\count93
\c@subtable=\count94
) (/usr/local/texlive/2019/texmf-dist/tex/latex/graphics/graphics.sty
Package: graphics 2019/11/01 v1.3d Standard LaTeX Graphics (DPC,SPQR)
 (/usr/local/texlive/2019/texmf-dist/tex/latex/graphics/trig.sty
Package: trig 2016/01/03 v1.10 sin cos tan (DPC)
) (/usr/local/texlive/2019/texmf-dist/tex/latex/graphics-cfg/graphics.cfg
File: graphics.cfg 2016/06/04 v1.11 sample graphics configuration
)
Package graphics Info: Driver file: xetex.def on input line 105.
 (/usr/local/texlive/2019/texmf-dist/tex/latex/graphics-def/xetex.def
File: xetex.def 2017/06/24 v5.0h Graphics/color driver for xetex
)) (/usr/local/texlive/2019/texmf-dist/tex/latex/booktabs/booktabs.sty
Package: booktabs 2019/10/08 v1.6180339 publication quality tables
\heavyrulewidth=\dimen113
\lightrulewidth=\dimen114
\cmidrulewidth=\dimen115
\belowrulesep=\dimen116
\belowbottomsep=\dimen117
\aboverulesep=\dimen118
\abovetopsep=\dimen119
\cmidrulesep=\dimen120
\cmidrulekern=\dimen121
\defaultaddspace=\dimen122
\@cmidla=\count95
\@cmidlb=\count96
\@aboverulesep=\dimen123
\@belowrulesep=\dimen124
\@thisruleclass=\count97
\@lastruleclass=\count98
\@thisrulewidth=\dimen125
) (/usr/local/texlive/2019/texmf-dist/tex/latex/multirow/multirow.sty
Package: multirow 2019/05/31 v2.5 Span multiple rows of a table
\multirow@colwidth=\skip43
\multirow@cntb=\count99
\multirow@dima=\skip44
\bigstrutjot=\dimen126
) (/usr/local/texlive/2019/texmf-dist/tex/latex/xcolor/xcolor.sty
Package: xcolor 2016/05/11 v2.12 LaTeX color extensions (UK)
 (/usr/local/texlive/2019/texmf-dist/tex/latex/graphics-cfg/color.cfg
File: color.cfg 2016/01/02 v1.6 sample color configuration
)
Package xcolor Info: Driver file: xetex.def on input line 225.
 (/usr/local/texlive/2019/texmf-dist/tex/latex/colortbl/colortbl.sty
Package: colortbl 2018/12/12 v1.0d Color table columns (DPC)
 (/usr/local/texlive/2019/texmf-dist/tex/latex/tools/array.sty
Package: array 2019/08/31 v2.4l Tabular extension package (FMi)
\col@sep=\dimen127
\ar@mcellbox=\box28
\extrarowheight=\dimen128
\NC@list=\toks18
\extratabsurround=\skip45
\backup@length=\skip46
\ar@cellbox=\box29
)
\everycr=\toks19
\minrowclearance=\skip47
)
\rownum=\count100
Package xcolor Info: Model `cmy' substituted by `cmy0' on input line 1348.
Package xcolor Info: Model `RGB' extended on input line 1364.
Package xcolor Info: Model `HTML' substituted by `rgb' on input line 1366.
Package xcolor Info: Model `Hsb' substituted by `hsb' on input line 1367.
Package xcolor Info: Model `tHsb' substituted by `hsb' on input line 1368.
Package xcolor Info: Model `HSB' substituted by `hsb' on input line 1369.
Package xcolor Info: Model `Gray' substituted by `gray' on input line 1370.
Package xcolor Info: Model `wave' substituted by `hsb' on input line 1371.
) (/usr/local/texlive/2019/texmf-dist/tex/latex/amsmath/amsmath.sty
Package: amsmath 2019/11/16 v2.17d AMS math features
\@mathmargin=\skip48

For additional information on amsmath, use the `?' option.
(/usr/local/texlive/2019/texmf-dist/tex/latex/amsmath/amstext.sty
Package: amstext 2000/06/29 v2.01 AMS text
 (/usr/local/texlive/2019/texmf-dist/tex/latex/amsmath/amsgen.sty
File: amsgen.sty 1999/11/30 v2.0 generic functions
\@emptytoks=\toks20
\ex@=\dimen129
)) (/usr/local/texlive/2019/texmf-dist/tex/latex/amsmath/amsbsy.sty
Package: amsbsy 1999/11/29 v1.2d Bold Symbols
\pmbraise@=\dimen130
) (/usr/local/texlive/2019/texmf-dist/tex/latex/amsmath/amsopn.sty
Package: amsopn 2016/03/08 v2.02 operator names
)
\inf@bad=\count101
LaTeX Info: Redefining \frac on input line 227.
\uproot@=\count102
\leftroot@=\count103
LaTeX Info: Redefining \overline on input line 389.
\classnum@=\count104
\DOTSCASE@=\count105
LaTeX Info: Redefining \ldots on input line 486.
LaTeX Info: Redefining \dots on input line 489.
LaTeX Info: Redefining \cdots on input line 610.
\Mathstrutbox@=\box30
\strutbox@=\box31
\big@size=\dimen131
LaTeX Font Info:    Redeclaring font encoding OML on input line 733.
LaTeX Font Info:    Redeclaring font encoding OMS on input line 734.
\macc@depth=\count106
\c@MaxMatrixCols=\count107
\dotsspace@=\muskip10
\c@parentequation=\count108
\dspbrk@lvl=\count109
\tag@help=\toks21
\row@=\count110
\column@=\count111
\maxfields@=\count112
\andhelp@=\toks22
\eqnshift@=\dimen132
\alignsep@=\dimen133
\tagshift@=\dimen134
\tagwidth@=\dimen135
\totwidth@=\dimen136
\lineht@=\dimen137
\@envbody=\toks23
\multlinegap=\skip49
\multlinetaggap=\skip50
\mathdisplay@stack=\toks24
LaTeX Info: Redefining \[ on input line 2858.
LaTeX Info: Redefining \] on input line 2859.
) (/usr/local/texlive/2019/texmf-dist/tex/latex/amscls/amsthm.sty
Package: amsthm 2017/10/31 v2.20.4
\thm@style=\toks25
\thm@bodyfont=\toks26
\thm@headfont=\toks27
\thm@notefont=\toks28
\thm@headpunct=\toks29
\thm@preskip=\skip51
\thm@postskip=\skip52
\thm@headsep=\skip53
\dth@everypar=\toks30
) (/usr/local/texlive/2019/texmf-dist/tex/latex/amsfonts/amsfonts.sty
Package: amsfonts 2013/01/14 v3.01 Basic AMSFonts support
\symAMSa=\mathgroup4
\symAMSb=\mathgroup5
LaTeX Font Info:    Redeclaring math symbol \hbar on input line 98.
LaTeX Font Info:    Overwriting math alphabet `\mathfrak' in version `bold'
(Font)                  U/euf/m/n --> U/euf/b/n on input line 106.
) (/usr/local/texlive/2019/texmf-dist/tex/latex/moderncv/tweaklist.sty

/usr/local/texlive/2019/texmf-dist/tex/latex/moderncv/tweaklist.sty:56: LaTeX Error: Command \description already defined.
               Or name \end... illegal, see p.192 of the manual.

See the LaTeX manual or LaTeX Companion for explanation.
Type  H <return>  for immediate help.
 ...                                              
                                                  
l.56   {\endlist}
                 
Your command was ignored.
Type  I <command> <return>  to replace it with another command,
or  <return>  to continue without it.

) (/usr/local/texlive/2019/texmf-dist/tex/latex/blindtext/blindtext.sty
Package: blindtext 2012/01/06 V2.0 blindtext-Package
 (/usr/local/texlive/2019/texmf-dist/tex/latex/tools/xspace.sty
Package: xspace 2014/10/28 v1.13 Space after command names (DPC,MH)
)
\c@blindtext=\count113
\c@Blindtext=\count114
\c@blind@countparstart=\count115
\blind@countxx=\count116
\blindtext@numBlindtext=\count117
\blind@countyy=\count118
\c@blindlist=\count119
\c@blindlistlevel=\count120
\c@blindlist@level=\count121
\blind@listitem=\count122
\c@blind@listcount=\count123
\c@blind@levelcount=\count124
\blind@mathformula=\count125
\blind@Mathformula=\count126
\c@blind@randomcount=\count127
\c@blind@randommax=\count128
\c@blind@pangramcount=\count129
\c@blind@pangrammax=\count130
) (/usr/local/texlive/2019/texmf-dist/tex/latex/graphics/graphicx.sty
Package: graphicx 2017/06/01 v1.1a Enhanced LaTeX Graphics (DPC,SPQR)
\Gin@req@height=\dimen138
\Gin@req@width=\dimen139
) (/usr/local/texlive/2019/texmf-dist/tex/latex/todonotes/todonotes.sty
Package: todonotes 2019/01/24 v1.1.2 Todonotes source and documentation.
Package: todonotes 2018/11/22
 (/usr/local/texlive/2019/texmf-dist/tex/latex/base/ifthen.sty
Package: ifthen 2014/09/29 v1.1c Standard LaTeX ifthen package (DPC)
) (/usr/local/texlive/2019/texmf-dist/tex/latex/xkeyval/xkeyval.sty
Package: xkeyval 2014/12/03 v2.7a package option processing (HA)
 (/usr/local/texlive/2019/texmf-dist/tex/generic/xkeyval/xkeyval.tex (/usr/local/texlive/2019/texmf-dist/tex/generic/xkeyval/xkvutils.tex
\XKV@toks=\toks31
\XKV@tempa@toks=\toks32
)
\XKV@depth=\count131
File: xkeyval.tex 2014/12/03 v2.7a key=value parser (HA)
)) (/usr/local/texlive/2019/texmf-dist/tex/latex/pgf/frontendlayer/tikz.sty (/usr/local/texlive/2019/texmf-dist/tex/latex/pgf/basiclayer/pgf.sty (/usr/local/texlive/2019/texmf-dist/tex/latex/pgf/utilities/pgfrcs.sty (/usr/local/texlive/2019/texmf-dist/tex/generic/pgf/utilities/pgfutil-common.tex
\pgfutil@everybye=\toks33
\pgfutil@tempdima=\dimen140
\pgfutil@tempdimb=\dimen141
 (/usr/local/texlive/2019/texmf-dist/tex/generic/pgf/utilities/pgfutil-common-lists.tex)) (/usr/local/texlive/2019/texmf-dist/tex/generic/pgf/utilities/pgfutil-latex.def
\pgfutil@abb=\box32
 (/usr/local/texlive/2019/texmf-dist/tex/latex/ms/everyshi.sty
Package: everyshi 2001/05/15 v3.00 EveryShipout Package (MS)
)) (/usr/local/texlive/2019/texmf-dist/tex/generic/pgf/utilities/pgfrcs.code.tex (/usr/local/texlive/2019/texmf-dist/tex/generic/pgf/pgf.revision.tex)
Package: pgfrcs 2019/08/03 v3.1.4b (3.1.4b)
))
Package: pgf 2019/08/03 v3.1.4b (3.1.4b)
 (/usr/local/texlive/2019/texmf-dist/tex/latex/pgf/basiclayer/pgfcore.sty (/usr/local/texlive/2019/texmf-dist/tex/latex/pgf/systemlayer/pgfsys.sty (/usr/local/texlive/2019/texmf-dist/tex/generic/pgf/systemlayer/pgfsys.code.tex
Package: pgfsys 2019/08/03 v3.1.4b (3.1.4b)
 (/usr/local/texlive/2019/texmf-dist/tex/generic/pgf/utilities/pgfkeys.code.tex
\pgfkeys@pathtoks=\toks34
\pgfkeys@temptoks=\toks35
 (/usr/local/texlive/2019/texmf-dist/tex/generic/pgf/utilities/pgfkeysfiltered.code.tex
\pgfkeys@tmptoks=\toks36
))
\pgf@x=\dimen142
\pgf@y=\dimen143
\pgf@xa=\dimen144
\pgf@ya=\dimen145
\pgf@xb=\dimen146
\pgf@yb=\dimen147
\pgf@xc=\dimen148
\pgf@yc=\dimen149
\pgf@xd=\dimen150
\pgf@yd=\dimen151
\w@pgf@writea=\write3
\r@pgf@reada=\read1
\c@pgf@counta=\count132
\c@pgf@countb=\count133
\c@pgf@countc=\count134
\c@pgf@countd=\count135
\t@pgf@toka=\toks37
\t@pgf@tokb=\toks38
\t@pgf@tokc=\toks39
\pgf@sys@id@count=\count136
 (/usr/local/texlive/2019/texmf-dist/tex/generic/pgf/systemlayer/pgf.cfg
File: pgf.cfg 2019/08/03 v3.1.4b (3.1.4b)
)
Driver file for pgf: pgfsys-xetex.def
 (/usr/local/texlive/2019/texmf-dist/tex/generic/pgf/systemlayer/pgfsys-xetex.def
File: pgfsys-xetex.def 2019/08/03 v3.1.4b (3.1.4b)
 (/usr/local/texlive/2019/texmf-dist/tex/generic/pgf/systemlayer/pgfsys-dvipdfmx.def
File: pgfsys-dvipdfmx.def 2019/08/03 v3.1.4b (3.1.4b)
 (/usr/local/texlive/2019/texmf-dist/tex/generic/pgf/systemlayer/pgfsys-common-pdf.def
File: pgfsys-common-pdf.def 2019/08/03 v3.1.4b (3.1.4b)
)
\pgfsys@objnum=\count137
))) (/usr/local/texlive/2019/texmf-dist/tex/generic/pgf/systemlayer/pgfsyssoftpath.code.tex
File: pgfsyssoftpath.code.tex 2019/08/03 v3.1.4b (3.1.4b)
\pgfsyssoftpath@smallbuffer@items=\count138
\pgfsyssoftpath@bigbuffer@items=\count139
) (/usr/local/texlive/2019/texmf-dist/tex/generic/pgf/systemlayer/pgfsysprotocol.code.tex
File: pgfsysprotocol.code.tex 2019/08/03 v3.1.4b (3.1.4b)
)) (/usr/local/texlive/2019/texmf-dist/tex/generic/pgf/basiclayer/pgfcore.code.tex
Package: pgfcore 2019/08/03 v3.1.4b (3.1.4b)
 (/usr/local/texlive/2019/texmf-dist/tex/generic/pgf/math/pgfmath.code.tex (/usr/local/texlive/2019/texmf-dist/tex/generic/pgf/math/pgfmathcalc.code.tex (/usr/local/texlive/2019/texmf-dist/tex/generic/pgf/math/pgfmathutil.code.tex) (/usr/local/texlive/2019/texmf-dist/tex/generic/pgf/math/pgfmathparser.code.tex
\pgfmath@dimen=\dimen152
\pgfmath@count=\count140
\pgfmath@box=\box33
\pgfmath@toks=\toks40
\pgfmath@stack@operand=\toks41
\pgfmath@stack@operation=\toks42
) (/usr/local/texlive/2019/texmf-dist/tex/generic/pgf/math/pgfmathfunctions.code.tex (/usr/local/texlive/2019/texmf-dist/tex/generic/pgf/math/pgfmathfunctions.basic.code.tex) (/usr/local/texlive/2019/texmf-dist/tex/generic/pgf/math/pgfmathfunctions.trigonometric.code.tex) (/usr/local/texlive/2019/texmf-dist/tex/generic/pgf/math/pgfmathfunctions.random.code.tex) (/usr/local/texlive/2019/texmf-dist/tex/generic/pgf/math/pgfmathfunctions.comparison.code.tex) (/usr/local/texlive/2019/texmf-dist/tex/generic/pgf/math/pgfmathfunctions.base.code.tex) (/usr/local/texlive/2019/texmf-dist/tex/generic/pgf/math/pgfmathfunctions.round.code.tex) (/usr/local/texlive/2019/texmf-dist/tex/generic/pgf/math/pgfmathfunctions.misc.code.tex) (/usr/local/texlive/2019/texmf-dist/tex/generic/pgf/math/pgfmathfunctions.integerarithmetics.code.tex))) (/usr/local/texlive/2019/texmf-dist/tex/generic/pgf/math/pgfmathfloat.code.tex
\c@pgfmathroundto@lastzeros=\count141
)) (/usr/local/texlive/2019/texmf-dist/tex/generic/pgf/math/pgfint.code.tex) (/usr/local/texlive/2019/texmf-dist/tex/generic/pgf/basiclayer/pgfcorepoints.code.tex
File: pgfcorepoints.code.tex 2019/08/03 v3.1.4b (3.1.4b)
\pgf@picminx=\dimen153
\pgf@picmaxx=\dimen154
\pgf@picminy=\dimen155
\pgf@picmaxy=\dimen156
\pgf@pathminx=\dimen157
\pgf@pathmaxx=\dimen158
\pgf@pathminy=\dimen159
\pgf@pathmaxy=\dimen160
\pgf@xx=\dimen161
\pgf@xy=\dimen162
\pgf@yx=\dimen163
\pgf@yy=\dimen164
\pgf@zx=\dimen165
\pgf@zy=\dimen166
) (/usr/local/texlive/2019/texmf-dist/tex/generic/pgf/basiclayer/pgfcorepathconstruct.code.tex
File: pgfcorepathconstruct.code.tex 2019/08/03 v3.1.4b (3.1.4b)
\pgf@path@lastx=\dimen167
\pgf@path@lasty=\dimen168
) (/usr/local/texlive/2019/texmf-dist/tex/generic/pgf/basiclayer/pgfcorepathusage.code.tex
File: pgfcorepathusage.code.tex 2019/08/03 v3.1.4b (3.1.4b)
\pgf@shorten@end@additional=\dimen169
\pgf@shorten@start@additional=\dimen170
) (/usr/local/texlive/2019/texmf-dist/tex/generic/pgf/basiclayer/pgfcorescopes.code.tex
File: pgfcorescopes.code.tex 2019/08/03 v3.1.4b (3.1.4b)
\pgfpic=\box34
\pgf@hbox=\box35
\pgf@layerbox@main=\box36
\pgf@picture@serial@count=\count142
) (/usr/local/texlive/2019/texmf-dist/tex/generic/pgf/basiclayer/pgfcoregraphicstate.code.tex
File: pgfcoregraphicstate.code.tex 2019/08/03 v3.1.4b (3.1.4b)
\pgflinewidth=\dimen171
) (/usr/local/texlive/2019/texmf-dist/tex/generic/pgf/basiclayer/pgfcoretransformations.code.tex
File: pgfcoretransformations.code.tex 2019/08/03 v3.1.4b (3.1.4b)
\pgf@pt@x=\dimen172
\pgf@pt@y=\dimen173
\pgf@pt@temp=\dimen174
) (/usr/local/texlive/2019/texmf-dist/tex/generic/pgf/basiclayer/pgfcorequick.code.tex
File: pgfcorequick.code.tex 2019/08/03 v3.1.4b (3.1.4b)
) (/usr/local/texlive/2019/texmf-dist/tex/generic/pgf/basiclayer/pgfcoreobjects.code.tex
File: pgfcoreobjects.code.tex 2019/08/03 v3.1.4b (3.1.4b)
) (/usr/local/texlive/2019/texmf-dist/tex/generic/pgf/basiclayer/pgfcorepathprocessing.code.tex
File: pgfcorepathprocessing.code.tex 2019/08/03 v3.1.4b (3.1.4b)
) (/usr/local/texlive/2019/texmf-dist/tex/generic/pgf/basiclayer/pgfcorearrows.code.tex
File: pgfcorearrows.code.tex 2019/08/03 v3.1.4b (3.1.4b)
\pgfarrowsep=\dimen175
) (/usr/local/texlive/2019/texmf-dist/tex/generic/pgf/basiclayer/pgfcoreshade.code.tex
File: pgfcoreshade.code.tex 2019/08/03 v3.1.4b (3.1.4b)
\pgf@max=\dimen176
\pgf@sys@shading@range@num=\count143
\pgf@shadingcount=\count144
) (/usr/local/texlive/2019/texmf-dist/tex/generic/pgf/basiclayer/pgfcoreimage.code.tex
File: pgfcoreimage.code.tex 2019/08/03 v3.1.4b (3.1.4b)
 (/usr/local/texlive/2019/texmf-dist/tex/generic/pgf/basiclayer/pgfcoreexternal.code.tex
File: pgfcoreexternal.code.tex 2019/08/03 v3.1.4b (3.1.4b)
\pgfexternal@startupbox=\box37
)) (/usr/local/texlive/2019/texmf-dist/tex/generic/pgf/basiclayer/pgfcorelayers.code.tex
File: pgfcorelayers.code.tex 2019/08/03 v3.1.4b (3.1.4b)
) (/usr/local/texlive/2019/texmf-dist/tex/generic/pgf/basiclayer/pgfcoretransparency.code.tex
File: pgfcoretransparency.code.tex 2019/08/03 v3.1.4b (3.1.4b)
) (/usr/local/texlive/2019/texmf-dist/tex/generic/pgf/basiclayer/pgfcorepatterns.code.tex
File: pgfcorepatterns.code.tex 2019/08/03 v3.1.4b (3.1.4b)
) (/usr/local/texlive/2019/texmf-dist/tex/generic/pgf/basiclayer/pgfcorerdf.code.tex
File: pgfcorerdf.code.tex 2019/08/03 v3.1.4b (3.1.4b)
))) (/usr/local/texlive/2019/texmf-dist/tex/generic/pgf/modules/pgfmoduleshapes.code.tex
File: pgfmoduleshapes.code.tex 2019/08/03 v3.1.4b (3.1.4b)
\pgfnodeparttextbox=\box38
) (/usr/local/texlive/2019/texmf-dist/tex/generic/pgf/modules/pgfmoduleplot.code.tex
File: pgfmoduleplot.code.tex 2019/08/03 v3.1.4b (3.1.4b)
) (/usr/local/texlive/2019/texmf-dist/tex/latex/pgf/compatibility/pgfcomp-version-0-65.sty
Package: pgfcomp-version-0-65 2019/08/03 v3.1.4b (3.1.4b)
\pgf@nodesepstart=\dimen177
\pgf@nodesepend=\dimen178
) (/usr/local/texlive/2019/texmf-dist/tex/latex/pgf/compatibility/pgfcomp-version-1-18.sty
Package: pgfcomp-version-1-18 2019/08/03 v3.1.4b (3.1.4b)
)) (/usr/local/texlive/2019/texmf-dist/tex/latex/pgf/utilities/pgffor.sty (/usr/local/texlive/2019/texmf-dist/tex/latex/pgf/utilities/pgfkeys.sty (/usr/local/texlive/2019/texmf-dist/tex/generic/pgf/utilities/pgfkeys.code.tex)) (/usr/local/texlive/2019/texmf-dist/tex/latex/pgf/math/pgfmath.sty (/usr/local/texlive/2019/texmf-dist/tex/generic/pgf/math/pgfmath.code.tex)) (/usr/local/texlive/2019/texmf-dist/tex/generic/pgf/utilities/pgffor.code.tex
Package: pgffor 2019/08/03 v3.1.4b (3.1.4b)
 (/usr/local/texlive/2019/texmf-dist/tex/generic/pgf/math/pgfmath.code.tex)
\pgffor@iter=\dimen179
\pgffor@skip=\dimen180
\pgffor@stack=\toks43
\pgffor@toks=\toks44
)) (/usr/local/texlive/2019/texmf-dist/tex/generic/pgf/frontendlayer/tikz/tikz.code.tex
Package: tikz 2019/08/03 v3.1.4b (3.1.4b)
 (/usr/local/texlive/2019/texmf-dist/tex/generic/pgf/libraries/pgflibraryplothandlers.code.tex
File: pgflibraryplothandlers.code.tex 2019/08/03 v3.1.4b (3.1.4b)
\pgf@plot@mark@count=\count145
\pgfplotmarksize=\dimen181
)
\tikz@lastx=\dimen182
\tikz@lasty=\dimen183
\tikz@lastxsaved=\dimen184
\tikz@lastysaved=\dimen185
\tikz@lastmovetox=\dimen186
\tikz@lastmovetoy=\dimen187
\tikzleveldistance=\dimen188
\tikzsiblingdistance=\dimen189
\tikz@figbox=\box39
\tikz@figbox@bg=\box40
\tikz@tempbox=\box41
\tikz@tempbox@bg=\box42
\tikztreelevel=\count146
\tikznumberofchildren=\count147
\tikznumberofcurrentchild=\count148
\tikz@fig@count=\count149
 (/usr/local/texlive/2019/texmf-dist/tex/generic/pgf/modules/pgfmodulematrix.code.tex
File: pgfmodulematrix.code.tex 2019/08/03 v3.1.4b (3.1.4b)
\pgfmatrixcurrentrow=\count150
\pgfmatrixcurrentcolumn=\count151
\pgf@matrix@numberofcolumns=\count152
)
\tikz@expandcount=\count153
 (/usr/local/texlive/2019/texmf-dist/tex/generic/pgf/frontendlayer/tikz/libraries/tikzlibrarytopaths.code.tex
File: tikzlibrarytopaths.code.tex 2019/08/03 v3.1.4b (3.1.4b)
))) (/usr/local/texlive/2019/texmf-dist/tex/generic/pgf/frontendlayer/tikz/libraries/tikzlibrarypositioning.code.tex
File: tikzlibrarypositioning.code.tex 2019/08/03 v3.1.4b (3.1.4b)
) (/usr/local/texlive/2019/texmf-dist/tex/generic/pgf/frontendlayer/tikz/libraries/tikzlibraryshadows.code.tex
File: tikzlibraryshadows.code.tex 2019/08/03 v3.1.4b (3.1.4b)
 (/usr/local/texlive/2019/texmf-dist/tex/generic/pgf/frontendlayer/tikz/libraries/tikzlibraryfadings.code.tex
File: tikzlibraryfadings.code.tex 2019/08/03 v3.1.4b (3.1.4b)
 (/usr/local/texlive/2019/texmf-dist/tex/generic/pgf/libraries/pgflibraryfadings.code.tex
File: pgflibraryfadings.code.tex 2019/08/03 v3.1.4b (3.1.4b)
))) (/usr/local/texlive/2019/texmf-dist/tex/latex/tools/calc.sty
Package: calc 2017/05/25 v4.3 Infix arithmetic (KKT,FJ)
\calc@Acount=\count154
\calc@Bcount=\count155
\calc@Adimen=\dimen190
\calc@Bdimen=\dimen191
\calc@Askip=\skip54
\calc@Bskip=\skip55
LaTeX Info: Redefining \setlength on input line 80.
LaTeX Info: Redefining \addtolength on input line 81.
\calc@Ccount=\count156
\calc@Cskip=\skip56
)
\c@@todonotes@numberoftodonotes=\count157
) (/usr/local/texlive/2019/texmf-dist/tex/latex/hyperref/hyperref.sty
Package: hyperref 2019/11/10 v7.00c Hypertext links for LaTeX
 (/usr/local/texlive/2019/texmf-dist/tex/generic/oberdiek/ltxcmds.sty
Package: ltxcmds 2016/05/16 v1.23 LaTeX kernel commands for general use (HO)
) (/usr/local/texlive/2019/texmf-dist/tex/generic/iftex/iftex.sty
Package: iftex 2019/11/07 v1.0c TeX engine tests
) (/usr/local/texlive/2019/texmf-dist/tex/generic/oberdiek/pdftexcmds.sty
Package: pdftexcmds 2019/07/25 v0.30 Utility functions of pdfTeX for LuaTeX (HO)
 (/usr/local/texlive/2019/texmf-dist/tex/generic/oberdiek/infwarerr.sty
Package: infwarerr 2016/05/16 v1.4 Providing info/warning/error messages (HO)
) (/usr/local/texlive/2019/texmf-dist/tex/generic/iftex/ifluatex.sty
Package: ifluatex 2019/10/25 v1.5 ifluatex legacy package. Use iftex instead.
) (/usr/local/texlive/2019/texmf-dist/tex/generic/iftex/ifpdf.sty
Package: ifpdf 2019/10/25 v3.4 ifpdf legacy package. Use iftex instead.
)
Package pdftexcmds Info: LuaTeX not detected.
Package pdftexcmds Info: pdfTeX >= 1.30 not detected.
Package pdftexcmds Info: \pdf@primitive is available.
Package pdftexcmds Info: \pdf@ifprimitive is available.
Package pdftexcmds Info: \pdfdraftmode not found.
) (/usr/local/texlive/2019/texmf-dist/tex/generic/oberdiek/kvsetkeys.sty
Package: kvsetkeys 2016/05/16 v1.17 Key value parser (HO)
 (/usr/local/texlive/2019/texmf-dist/tex/generic/oberdiek/etexcmds.sty
Package: etexcmds 2016/05/16 v1.6 Avoid name clashes with e-TeX commands (HO)
)) (/usr/local/texlive/2019/texmf-dist/tex/generic/oberdiek/kvdefinekeys.sty
Package: kvdefinekeys 2016/05/16 v1.4 Define keys (HO)
) (/usr/local/texlive/2019/texmf-dist/tex/generic/oberdiek/pdfescape.sty
Package: pdfescape 2016/05/16 v1.14 Implements pdfTeX's escape features (HO)
) (/usr/local/texlive/2019/texmf-dist/tex/latex/oberdiek/hycolor.sty
Package: hycolor 2016/05/16 v1.8 Color options for hyperref/bookmark (HO)
 (/usr/local/texlive/2019/texmf-dist/tex/latex/oberdiek/xcolor-patch.sty
Package: xcolor-patch 2016/05/16 xcolor patch
 (/usr/local/texlive/2019/texmf-dist/tex/latex/oberdiek/hopatch.sty
Package: hopatch 2016/05/16 v1.3 Wrapper for package hooks (HO)
))) (/usr/local/texlive/2019/texmf-dist/tex/latex/oberdiek/letltxmacro.sty
Package: letltxmacro 2016/05/16 v1.5 Let assignment for LaTeX macros (HO)
) (/usr/local/texlive/2019/texmf-dist/tex/latex/oberdiek/auxhook.sty
Package: auxhook 2016/05/16 v1.4 Hooks for auxiliary files (HO)
) (/usr/local/texlive/2019/texmf-dist/tex/latex/oberdiek/kvoptions.sty
Package: kvoptions 2016/05/16 v3.12 Key value format for package options (HO)
)
\@linkdim=\dimen192
\Hy@linkcounter=\count158
\Hy@pagecounter=\count159
 (/usr/local/texlive/2019/texmf-dist/tex/latex/hyperref/pd1enc.def
File: pd1enc.def 2019/11/10 v7.00c Hyperref: PDFDocEncoding definition (HO)
) (/usr/local/texlive/2019/texmf-dist/tex/generic/oberdiek/intcalc.sty
Package: intcalc 2016/05/16 v1.2 Expandable calculations with integers (HO)
)
\Hy@SavedSpaceFactor=\count160
 (/usr/local/texlive/2019/texmf-dist/tex/latex/latexconfig/hyperref.cfg
File: hyperref.cfg 2002/06/06 v1.2 hyperref configuration of TeXLive
)
Package hyperref Info: Option `colorlinks' set `true' on input line 4409.
Package hyperref Info: Hyper figures OFF on input line 4535.
Package hyperref Info: Link nesting OFF on input line 4540.
Package hyperref Info: Hyper index ON on input line 4543.
Package hyperref Info: Plain pages OFF on input line 4550.
Package hyperref Info: Backreferencing OFF on input line 4555.
Package hyperref Info: Implicit mode ON; LaTeX internals redefined.
Package hyperref Info: Bookmarks ON on input line 4788.
\c@Hy@tempcnt=\count161
 (/usr/local/texlive/2019/texmf-dist/tex/latex/url/url.sty
\Urlmuskip=\muskip11
Package: url 2013/09/16  ver 3.4  Verb mode for urls, etc.
)
LaTeX Info: Redefining \url on input line 5147.
\XeTeXLinkMargin=\dimen193
 (/usr/local/texlive/2019/texmf-dist/tex/generic/oberdiek/bitset.sty
Package: bitset 2016/05/16 v1.2 Handle bit-vector datatype (HO)
 (/usr/local/texlive/2019/texmf-dist/tex/generic/oberdiek/bigintcalc.sty
Package: bigintcalc 2016/05/16 v1.4 Expandable calculations on big integers (HO)
))
\Fld@menulength=\count162
\Field@Width=\dimen194
\Fld@charsize=\dimen195
Package hyperref Info: Hyper figures OFF on input line 6418.
Package hyperref Info: Link nesting OFF on input line 6423.
Package hyperref Info: Hyper index ON on input line 6426.
Package hyperref Info: backreferencing OFF on input line 6433.
Package hyperref Info: Link coloring ON on input line 6436.
Package hyperref Info: Link coloring with OCG OFF on input line 6443.
Package hyperref Info: PDF/A mode OFF on input line 6448.
LaTeX Info: Redefining \ref on input line 6488.
LaTeX Info: Redefining \pageref on input line 6492.
 (/usr/local/texlive/2019/texmf-dist/tex/generic/oberdiek/atbegshi.sty
Package: atbegshi 2016/06/09 v1.18 At begin shipout hook (HO)
)
\Hy@abspage=\count163
\c@Item=\count164
\c@Hfootnote=\count165
)
Package hyperref Info: Driver (autodetected): hxetex.
 (/usr/local/texlive/2019/texmf-dist/tex/latex/hyperref/hxetex.def
File: hxetex.def 2019/11/10 v7.00c Hyperref driver for XeTeX
 (/usr/local/texlive/2019/texmf-dist/tex/latex/hyperref/puenc.def
File: puenc.def 2019/11/10 v7.00c Hyperref: PDF Unicode definition (HO)
) (/usr/local/texlive/2019/texmf-dist/tex/generic/oberdiek/stringenc.sty
Package: stringenc 2016/05/16 v1.11 Convert strings between diff. encodings (HO)
)
\pdfm@box=\box43
\c@Hy@AnnotLevel=\count166
\HyField@AnnotCount=\count167
\Fld@listcount=\count168
\c@bookmark@seq@number=\count169
 (/usr/local/texlive/2019/texmf-dist/tex/latex/oberdiek/rerunfilecheck.sty
Package: rerunfilecheck 2016/05/16 v1.8 Rerun checks for auxiliary files (HO)
 (/usr/local/texlive/2019/texmf-dist/tex/latex/oberdiek/atveryend.sty
Package: atveryend 2016/05/16 v1.9 Hooks at the very end of document (HO)
Package atveryend Info: \enddocument detected (standard20110627).
) (/usr/local/texlive/2019/texmf-dist/tex/generic/oberdiek/uniquecounter.sty
Package: uniquecounter 2016/05/16 v1.3 Provide unlimited unique counter (HO)
)
Package uniquecounter Info: New unique counter `rerunfilecheck' on input line 285.
)
\Hy@SectionHShift=\skip57
) (/usr/local/texlive/2019/texmf-dist/tex/xelatex/xecjk/xeCJK.sty (/usr/local/texlive/2019/texmf-dist/tex/latex/l3kernel/expl3.sty
Package: expl3 2019-11-07 L3 programming layer (loader) 
 (/usr/local/texlive/2019/texmf-dist/tex/latex/l3kernel/expl3-code.tex
Package: expl3 2019-11-07 L3 programming layer (code)
\c_max_int=\count170
\l_tmpa_int=\count171
\l_tmpb_int=\count172
\g_tmpa_int=\count173
\g_tmpb_int=\count174
\l__seq_internal_a_int=\count175
\l__seq_internal_b_int=\count176
\g__kernel_prg_map_int=\count177
\c__ior_term_noprompt_ior=\count178
\c_log_iow=\count179
\l_iow_line_count_int=\count180
\l__iow_line_target_int=\count181
\l__iow_one_indent_int=\count182
\l__iow_indent_int=\count183
\c_zero_dim=\dimen196
\c_max_dim=\dimen197
\l_tmpa_dim=\dimen198
\l_tmpb_dim=\dimen199
\g_tmpa_dim=\dimen256
\g_tmpb_dim=\dimen257
\c_zero_skip=\skip58
\c_max_skip=\skip59
\l_tmpa_skip=\skip60
\l_tmpb_skip=\skip61
\g_tmpa_skip=\skip62
\g_tmpb_skip=\skip63
\c_zero_muskip=\muskip12
\c_max_muskip=\muskip13
\l_tmpa_muskip=\muskip14
\l_tmpb_muskip=\muskip15
\g_tmpa_muskip=\muskip16
\g_tmpb_muskip=\muskip17
\l_keys_choice_int=\count184
\l__intarray_loop_int=\count185
\c__intarray_sp_dim=\dimen258
\g__intarray_font_int=\count186
\c__fp_leading_shift_int=\count187
\c__fp_middle_shift_int=\count188
\c__fp_trailing_shift_int=\count189
\c__fp_big_leading_shift_int=\count190
\c__fp_big_middle_shift_int=\count191
\c__fp_big_trailing_shift_int=\count192
\c__fp_Bigg_leading_shift_int=\count193
\c__fp_Bigg_middle_shift_int=\count194
\c__fp_Bigg_trailing_shift_int=\count195
\g__fp_array_int=\count196
\l__fp_array_loop_int=\count197
\l__sort_length_int=\count198
\l__sort_min_int=\count199
\l__sort_top_int=\count266
\l__sort_max_int=\count267
\l__sort_true_max_int=\count268
\l__sort_block_int=\count269
\l__sort_begin_int=\count270
\l__sort_end_int=\count271
\l__sort_A_int=\count272
\l__sort_B_int=\count273
\l__sort_C_int=\count274
\l__str_internal_int=\count275
\l__tl_analysis_normal_int=\count276
\l__tl_analysis_index_int=\count277
\l__tl_analysis_nesting_int=\count278
\l__tl_analysis_type_int=\count279
\l__regex_internal_a_int=\count280
\l__regex_internal_b_int=\count281
\l__regex_internal_c_int=\count282
\l__regex_balance_int=\count283
\l__regex_group_level_int=\count284
\l__regex_mode_int=\count285
\c__regex_cs_in_class_mode_int=\count286
\c__regex_cs_mode_int=\count287
\l__regex_catcodes_int=\count288
\l__regex_default_catcodes_int=\count289
\c__regex_catcode_L_int=\count290
\c__regex_catcode_O_int=\count291
\c__regex_catcode_A_int=\count292
\c__regex_all_catcodes_int=\count293
\l__regex_show_lines_int=\count294
\l__regex_min_state_int=\count295
\l__regex_max_state_int=\count296
\l__regex_left_state_int=\count297
\l__regex_right_state_int=\count298
\l__regex_capturing_group_int=\count299
\l__regex_min_pos_int=\count300
\l__regex_max_pos_int=\count301
\l__regex_curr_pos_int=\count302
\l__regex_start_pos_int=\count303
\l__regex_success_pos_int=\count304
\l__regex_curr_char_int=\count305
\l__regex_curr_catcode_int=\count306
\l__regex_last_char_int=\count307
\l__regex_case_changed_char_int=\count308
\l__regex_curr_state_int=\count309
\l__regex_step_int=\count310
\l__regex_min_active_int=\count311
\l__regex_max_active_int=\count312
\l__regex_replacement_csnames_int=\count313
\l__regex_match_count_int=\count314
\l__regex_min_submatch_int=\count315
\l__regex_submatch_int=\count316
\l__regex_zeroth_submatch_int=\count317
\g__regex_trace_regex_int=\count318
\c_empty_box=\box44
\l_tmpa_box=\box45
\l_tmpb_box=\box46
\g_tmpa_box=\box47
\g_tmpb_box=\box48
\l__box_top_dim=\dimen259
\l__box_bottom_dim=\dimen260
\l__box_left_dim=\dimen261
\l__box_right_dim=\dimen262
\l__box_top_new_dim=\dimen263
\l__box_bottom_new_dim=\dimen264
\l__box_left_new_dim=\dimen265
\l__box_right_new_dim=\dimen266
\l__box_internal_box=\box49
\l__coffin_internal_box=\box50
\l__coffin_internal_dim=\dimen267
\l__coffin_offset_x_dim=\dimen268
\l__coffin_offset_y_dim=\dimen269
\l__coffin_x_dim=\dimen270
\l__coffin_y_dim=\dimen271
\l__coffin_x_prime_dim=\dimen272
\l__coffin_y_prime_dim=\dimen273
\c_empty_coffin=\box51
\l__coffin_aligned_coffin=\box52
\l__coffin_aligned_internal_coffin=\box53
\l_tmpa_coffin=\box54
\l_tmpb_coffin=\box55
\g_tmpa_coffin=\box56
\g_tmpb_coffin=\box57
\l__coffin_bounding_shift_dim=\dimen274
\l__coffin_left_corner_dim=\dimen275
\l__coffin_right_corner_dim=\dimen276
\l__coffin_bottom_corner_dim=\dimen277
\l__coffin_top_corner_dim=\dimen278
\l__coffin_scaled_total_height_dim=\dimen279
\l__coffin_scaled_width_dim=\dimen280
\c__coffin_empty_coffin=\box58
\l__coffin_display_coffin=\box59
\l__coffin_display_coord_coffin=\box60
\l__coffin_display_pole_coffin=\box61
\l__coffin_display_offset_dim=\dimen281
\l__coffin_display_x_dim=\dimen282
\l__coffin_display_y_dim=\dimen283
\g__char_data_ior=\read2
 (/usr/local/texlive/2019/texmf-dist/tex/latex/l3kernel/l3deprecation.def
File: l3deprecation.def 2019-04-06 v L3 Deprecated functions
)) (/usr/local/texlive/2019/texmf-dist/tex/latex/l3backend/l3backend-xdvipdfmx.def
File: l3backend-xdvipdfmx.def 2019-04-06 L3 backend support: xdvipdfmx
\g__graphics_track_int=\count319
\l__pdf_internal_box=\box62
\g__pdf_backend_object_int=\count320
\g__pdf_backend_annotation_int=\count321
))
Package: xeCJK 2019/06/02 v3.7.4 Typesetting CJK scripts with XeLaTeX
 (/usr/local/texlive/2019/texmf-dist/tex/latex/l3packages/xtemplate/xtemplate.sty
Package: xtemplate 2019-10-11 L3 Experimental prototype document functions
\l__xtemplate_tmp_dim=\dimen284
\l__xtemplate_tmp_int=\count322
\l__xtemplate_tmp_muskip=\muskip18
\l__xtemplate_tmp_skip=\skip64
) (/usr/local/texlive/2019/texmf-dist/tex/latex/l3packages/xparse/xparse.sty
Package: xparse 2019-10-11 L3 Experimental document command parser
\l__xparse_current_arg_int=\count323
\g__xparse_grabber_int=\count324
\l__xparse_m_args_int=\count325
\l__xparse_v_nesting_int=\count326
) (/usr/local/texlive/2019/texmf-dist/tex/latex/l3packages/l3keys2e/l3keys2e.sty
Package: l3keys2e 2019-10-11 LaTeX2e option processing using LaTeX3 keys
)
\l__xeCJK_tmp_int=\count327
\l__xeCJK_tmp_box=\box63
\l__xeCJK_tmp_dim=\dimen285
\l__xeCJK_tmp_skip=\skip65
\g__xeCJK_space_factor_int=\count328
\l__xeCJK_begin_int=\count329
\l__xeCJK_end_int=\count330
\c__xeCJK_CJK_class_int=\XeTeXcharclass1
\c__xeCJK_FullLeft_class_int=\XeTeXcharclass2
\c__xeCJK_FullRight_class_int=\XeTeXcharclass3
\c__xeCJK_HalfLeft_class_int=\XeTeXcharclass4
\c__xeCJK_HalfRight_class_int=\XeTeXcharclass5
\c__xeCJK_NormalSpace_class_int=\XeTeXcharclass6
\c__xeCJK_CM_class_int=\XeTeXcharclass7
\c__xeCJK_HangulJamo_class_int=\XeTeXcharclass8
\l__xeCJK_last_skip=\skip66
\g__xeCJK_node_int=\count331
\c__xeCJK_CJK_node_dim=\dimen286
\c__xeCJK_CJK-space_node_dim=\dimen287
\c__xeCJK_default_node_dim=\dimen288
\c__xeCJK_default-space_node_dim=\dimen289
\c__xeCJK_CJK-widow_node_dim=\dimen290
\c__xeCJK_normalspace_node_dim=\dimen291
\l__xeCJK_ccglue_skip=\skip67
\l__xeCJK_ecglue_skip=\skip68
\l__xeCJK_punct_kern_skip=\skip69
\l__xeCJK_last_penalty_int=\count332
\l__xeCJK_last_bound_dim=\dimen292
\l__xeCJK_last_kern_dim=\dimen293
\l__xeCJK_widow_penalty_int=\count333

Package xtemplate Info: Declaring object type 'xeCJK/punctuation' taking 0
(xtemplate)             argument(s) on line 2323.

\l__xeCJK_fixed_punct_width_dim=\dimen294
\l__xeCJK_mixed_punct_width_dim=\dimen295
\l__xeCJK_middle_punct_width_dim=\dimen296
\l__xeCJK_fixed_margin_width_dim=\dimen297
\l__xeCJK_mixed_margin_width_dim=\dimen298
\l__xeCJK_middle_margin_width_dim=\dimen299
\l__xeCJK_bound_punct_width_dim=\dimen300
\l__xeCJK_bound_margin_width_dim=\dimen301
\l__xeCJK_margin_minimum_dim=\dimen302
\l__xeCJK_kerning_total_width_dim=\dimen303
\l__xeCJK_same_align_margin_dim=\dimen304
\l__xeCJK_different_align_margin_dim=\dimen305
\l__xeCJK_kerning_margin_width_dim=\dimen306
\l__xeCJK_kerning_margin_minimum_dim=\dimen307
\l__xeCJK_bound_dim=\dimen308
\l__xeCJK_reverse_bound_dim=\dimen309
\l__xeCJK_margin_dim=\dimen310
\l__xeCJK_minimum_bound_dim=\dimen311
\l__xeCJK_kerning_margin_dim=\dimen312
\g__xeCJK_family_int=\count334
\l__xeCJK_fam_int=\count335
\g__xeCJK_fam_allocation_int=\count336
\l__xeCJK_verb_case_int=\count337
\l__xeCJK_verb_exspace_skip=\skip70
 (/usr/local/texlive/2019/texmf-dist/tex/latex/fontspec/fontspec.sty
Package: fontspec 2019/10/19 v2.7d Font selection for XeLaTeX and LuaLaTeX
 (/usr/local/texlive/2019/texmf-dist/tex/latex/fontspec/fontspec-xetex.sty
Package: fontspec-xetex 2019/10/19 v2.7d Font selection for XeLaTeX and LuaLaTeX
\l__fontspec_script_int=\count338
\l__fontspec_language_int=\count339
\l__fontspec_strnum_int=\count340
\l__fontspec_tmp_int=\count341
\l__fontspec_tmpa_int=\count342
\l__fontspec_tmpb_int=\count343
\l__fontspec_tmpc_int=\count344
\l__fontspec_em_int=\count345
\l__fontspec_emdef_int=\count346
\l__fontspec_strong_int=\count347
\l__fontspec_strongdef_int=\count348
\l__fontspec_tmpa_dim=\dimen313
\l__fontspec_tmpb_dim=\dimen314
\l__fontspec_tmpc_dim=\dimen315
 (/usr/local/texlive/2019/texmf-dist/tex/latex/base/fontenc.sty
Package: fontenc 2018/08/11 v2.0j Standard LaTeX package
 (/usr/local/texlive/2019/texmf-dist/tex/latex/base/tuenc.def
File: tuenc.def 2018/08/11 v2.0j Standard LaTeX file
LaTeX Font Info:    Redeclaring font encoding TU on input line 82.
)) (/usr/local/texlive/2019/texmf-dist/tex/latex/fontspec/fontspec.cfg)
LaTeX Info: Redefining \itshape on input line 4047.
LaTeX Info: Redefining \slshape on input line 4052.
LaTeX Info: Redefining \scshape on input line 4057.
LaTeX Info: Redefining \upshape on input line 4062.
LaTeX Info: Redefining \em on input line 4092.
LaTeX Info: Redefining \emph on input line 4117.
)) (/usr/local/texlive/2019/texmf-dist/tex/xelatex/xecjk/xeCJK.cfg
File: xeCJK.cfg 2019/06/02 v3.7.4 Configuration file for xeCJK package
)) (/usr/local/texlive/2019/texmf-dist/tex/latex/geometry/geometry.sty
Package: geometry 2018/04/16 v5.8 Page Geometry
 (/usr/local/texlive/2019/texmf-dist/tex/generic/iftex/ifvtex.sty
Package: ifvtex 2019/10/25 v1.7 ifvtex legacy package. Use iftex instead.
)
(/usr/local/texlive/2019/texmf-dist/tex/generic/iftex/ifxetex.sty
Package: ifxetex 2019/10/25 v0.7 ifxetex legacy package. Use iftex instead.
)
\Gm@cnth=\count349
\Gm@cntv=\count350
\c@Gm@tempcnt=\count351
\Gm@bindingoffset=\dimen316
\Gm@wd@mp=\dimen317
\Gm@odd@mp=\dimen318
\Gm@even@mp=\dimen319
\Gm@layoutwidth=\dimen320
\Gm@layoutheight=\dimen321
\Gm@layouthoffset=\dimen322
\Gm@layoutvoffset=\dimen323
\Gm@dimlist=\toks45
)

Package xeCJK Warning: Fandol is being set as the default font for CJK text.
(xeCJK)                Please make sure it has been properly installed.


Package fontspec Warning: Font "FandolSong-Regular" does not contain requested
(fontspec)                Script "CJK".


Package fontspec Info: Font family 'FandolSong-Regular(0)' created for font
(fontspec)             'FandolSong-Regular' with options
(fontspec)             [Script={CJK},Extension={.otf},BoldFont={FandolSong-Bold},ItalicFont={FandolKai-Regular}].
(fontspec)              
(fontspec)              This font family consists of the following NFSS
(fontspec)             series/shapes:
(fontspec)              
(fontspec)             - 'normal' (m/n) with NFSS spec.:
(fontspec)             <->"[FandolSong-Regular.otf]/OT"
(fontspec)             - 'small caps'  (m/sc) with NFSS spec.: 
(fontspec)             - 'bold' (bx/n) with NFSS spec.:
(fontspec)             <->"[FandolSong-Bold.otf]/OT"
(fontspec)             - 'bold small caps'  (bx/sc) with NFSS spec.: 
(fontspec)             - 'italic' (m/it) with NFSS spec.:
(fontspec)             <->"[FandolKai-Regular.otf]/OT"
(fontspec)             - 'italic small caps'  (m/itsc) with NFSS spec.: 

No file report.aux.
\openout1 = `report.aux'.

LaTeX Font Info:    Checking defaults for OML/cmm/m/it on input line 30.
LaTeX Font Info:    ... okay on input line 30.
LaTeX Font Info:    Checking defaults for T1/cmr/m/n on input line 30.
LaTeX Font Info:    ... okay on input line 30.
LaTeX Font Info:    Checking defaults for OT1/cmr/m/n on input line 30.
LaTeX Font Info:    ... okay on input line 30.
LaTeX Font Info:    Checking defaults for OMS/cmsy/m/n on input line 30.
LaTeX Font Info:    ... okay on input line 30.
LaTeX Font Info:    Checking defaults for TU/lmr/m/n on input line 30.
LaTeX Font Info:    ... okay on input line 30.
LaTeX Font Info:    Checking defaults for OMX/cmex/m/n on input line 30.
LaTeX Font Info:    ... okay on input line 30.
LaTeX Font Info:    Checking defaults for U/cmr/m/n on input line 30.
LaTeX Font Info:    ... okay on input line 30.
LaTeX Font Info:    Checking defaults for PD1/pdf/m/n on input line 30.
LaTeX Font Info:    ... okay on input line 30.
LaTeX Font Info:    Checking defaults for PU/pdf/m/n on input line 30.
LaTeX Font Info:    ... okay on input line 30.
Package caption Info: Begin \AtBeginDocument code.
Package caption Info: hyperref package is loaded.
Package caption Info: End \AtBeginDocument code.
ABD: EveryShipout initializing macros
\AtBeginShipoutBox=\box64
Package hyperref Info: Link coloring ON on input line 30.
 (/usr/local/texlive/2019/texmf-dist/tex/latex/hyperref/nameref.sty
Package: nameref 2019/09/16 v2.46 Cross-referencing by name of section
 (/usr/local/texlive/2019/texmf-dist/tex/latex/oberdiek/refcount.sty
Package: refcount 2016/05/16 v3.5 Data extraction from label references (HO)
) (/usr/local/texlive/2019/texmf-dist/tex/generic/oberdiek/gettitlestring.sty
Package: gettitlestring 2016/05/16 v1.5 Cleanup title references (HO)
)
\c@section@level=\count352
)
LaTeX Info: Redefining \ref on input line 30.
LaTeX Info: Redefining \pageref on input line 30.
LaTeX Info: Redefining \nameref on input line 30.
\@outlinefile=\write4
\openout4 = `report.out'.



Package hyperref Warning: Rerun to get /PageLabels entry.


Package fontspec Info: Adjusting the maths setup (use [no-math] to avoid
(fontspec)             this).

\symlegacymaths=\mathgroup6
LaTeX Font Info:    Overwriting symbol font `legacymaths' in version `bold'
(Font)                  OT1/cmr/m/n --> OT1/cmr/bx/n on input line 30.
LaTeX Font Info:    Redeclaring math accent \acute on input line 30.
LaTeX Font Info:    Redeclaring math accent \grave on input line 30.
LaTeX Font Info:    Redeclaring math accent \ddot on input line 30.
LaTeX Font Info:    Redeclaring math accent \tilde on input line 30.
LaTeX Font Info:    Redeclaring math accent \bar on input line 30.
LaTeX Font Info:    Redeclaring math accent \breve on input line 30.
LaTeX Font Info:    Redeclaring math accent \check on input line 30.
LaTeX Font Info:    Redeclaring math accent \hat on input line 30.
LaTeX Font Info:    Redeclaring math accent \dot on input line 30.
LaTeX Font Info:    Redeclaring math accent \mathring on input line 30.
LaTeX Font Info:    Redeclaring math symbol \Gamma on input line 30.
LaTeX Font Info:    Redeclaring math symbol \Delta on input line 30.
LaTeX Font Info:    Redeclaring math symbol \Theta on input line 30.
LaTeX Font Info:    Redeclaring math symbol \Lambda on input line 30.
LaTeX Font Info:    Redeclaring math symbol \Xi on input line 30.
LaTeX Font Info:    Redeclaring math symbol \Pi on input line 30.
LaTeX Font Info:    Redeclaring math symbol \Sigma on input line 30.
LaTeX Font Info:    Redeclaring math symbol \Upsilon on input line 30.
LaTeX Font Info:    Redeclaring math symbol \Phi on input line 30.
LaTeX Font Info:    Redeclaring math symbol \Psi on input line 30.
LaTeX Font Info:    Redeclaring math symbol \Omega on input line 30.
LaTeX Font Info:    Redeclaring math symbol \mathdollar on input line 30.
LaTeX Font Info:    Redeclaring symbol font `operators' on input line 30.
LaTeX Font Info:    Encoding `OT1' has changed to `TU' for symbol font
(Font)              `operators' in the math version `normal' on input line 30.
LaTeX Font Info:    Overwriting symbol font `operators' in version `normal'
(Font)                  OT1/cmr/m/n --> TU/lmr/m/n on input line 30.
LaTeX Font Info:    Encoding `OT1' has changed to `TU' for symbol font
(Font)              `operators' in the math version `bold' on input line 30.
LaTeX Font Info:    Overwriting symbol font `operators' in version `bold'
(Font)                  OT1/cmr/bx/n --> TU/lmr/m/n on input line 30.
LaTeX Font Info:    Overwriting symbol font `operators' in version `normal'
(Font)                  TU/lmr/m/n --> TU/lmr/m/n on input line 30.
LaTeX Font Info:    Overwriting math alphabet `\mathit' in version `normal'
(Font)                  OT1/cmr/m/it --> TU/lmr/m/it on input line 30.
LaTeX Font Info:    Overwriting math alphabet `\mathbf' in version `normal'
(Font)                  OT1/cmr/bx/n --> TU/lmr/bx/n on input line 30.
LaTeX Font Info:    Overwriting math alphabet `\mathsf' in version `normal'
(Font)                  OT1/cmss/m/n --> TU/lmss/m/n on input line 30.
LaTeX Font Info:    Overwriting math alphabet `\mathtt' in version `normal'
(Font)                  OT1/cmtt/m/n --> TU/lmtt/m/n on input line 30.
LaTeX Font Info:    Overwriting symbol font `operators' in version `bold'
(Font)                  TU/lmr/m/n --> TU/lmr/bx/n on input line 30.
LaTeX Font Info:    Overwriting math alphabet `\mathit' in version `bold'
(Font)                  OT1/cmr/bx/it --> TU/lmr/bx/it on input line 30.
LaTeX Font Info:    Overwriting math alphabet `\mathsf' in version `bold'
(Font)                  OT1/cmss/bx/n --> TU/lmss/bx/n on input line 30.
LaTeX Font Info:    Overwriting math alphabet `\mathtt' in version `bold'
(Font)                  OT1/cmtt/m/n --> TU/lmtt/bx/n on input line 30.
*geometry* driver: auto-detecting
*geometry* detected driver: xetex
*geometry* verbose mode - [ preamble ] result:
* driver: xetex
* paper: a4paper
* layout: <same size as paper>
* layoutoffset:(h,v)=(0.0pt,0.0pt)
* modes: 
* h-part:(L,W,R)=(28.45274pt, 483.69687pt, 85.35826pt)
* v-part:(T,H,B)=(56.9055pt, 731.23584pt, 56.9055pt)
* \paperwidth=597.50787pt
* \paperheight=845.04684pt
* \textwidth=483.69687pt
* \textheight=731.23584pt
* \oddsidemargin=-43.81725pt
* \evensidemargin=-43.81725pt
* \topmargin=-52.36449pt
* \headheight=12.0pt
* \headsep=25.0pt
* \topskip=10.0pt
* \footskip=30.0pt
* \marginparwidth=56.9055pt
* \marginparsep=11.0pt
* \columnsep=10.0pt
* \skip\footins=9.0pt plus 4.0pt minus 2.0pt
* \hoffset=0.0pt
* \voffset=0.0pt
* \mag=1000
* \@twocolumnfalse
* \@twosidefalse
* \@mparswitchfalse
* \@reversemarginfalse
* (1in=72.27pt=25.4mm, 1cm=28.453pt)

LaTeX Font Info:    Trying to load font information for U+msa on input line 38.
(/usr/local/texlive/2019/texmf-dist/tex/latex/amsfonts/umsa.fd
File: umsa.fd 2013/01/14 v3.01 AMS symbols A
)
LaTeX Font Info:    Trying to load font information for U+msb on input line 38.
 (/usr/local/texlive/2019/texmf-dist/tex/latex/amsfonts/umsb.fd
File: umsb.fd 2013/01/14 v3.01 AMS symbols B
) (/usr/local/texlive/2019/texmf-dist/tex/generic/oberdiek/se-ascii-print.def
File: se-ascii-print.def 2016/05/16 v1.11 stringenc: Printable ASCII characters
)

Package fontspec Warning: Font "FandolFang-Regular" does not contain requested
(fontspec)                Script "CJK".


Package fontspec Info: Font family 'FandolFang-Regular(0)' created for font
(fontspec)             'FandolFang-Regular' with options
(fontspec)             [Script={CJK},Extension={.otf}].
(fontspec)              
(fontspec)              This font family consists of the following NFSS
(fontspec)             series/shapes:
(fontspec)              
(fontspec)             - 'normal' (m/n) with NFSS spec.:
(fontspec)             <->"[FandolFang-Regular.otf]/OT"
(fontspec)             - 'small caps'  (m/sc) with NFSS spec.: 

[1

] [2]
Package atveryend Info: Empty hook `BeforeClearDocument' on input line 105.
Package atveryend Info: Empty hook `AfterLastShipout' on input line 105.
 (./report.aux)
Package atveryend Info: Empty hook `AtVeryEndDocument' on input line 105.
Package atveryend Info: Executing hook `AtEndAfterFileList' on input line 105.


Package rerunfilecheck Warning: File `report.out' has changed.
(rerunfilecheck)                Rerun to get outlines right
(rerunfilecheck)                or use package `bookmark'.

Package rerunfilecheck Info: Checksums for `report.out':
(rerunfilecheck)             Before: 
(rerunfilecheck)             After:  302F1E7669C91CEA7E457EA715055BC2.
Package atveryend Info: Empty hook `AtVeryVeryEnd' on input line 105.
 ) 
Here is how much of TeX's memory you used:
 35889 strings out of 492480
 721995 string characters out of 6129411
 845069 words of memory out of 5000000
 39876 multiletter control sequences out of 15000+600000
 542200 words of font info for 73 fonts, out of 8000000 for 9000
 1348 hyphenation exceptions out of 8191
 68i,7n,83p,520b,429s stack positions out of 5000i,500n,10000p,200000b,80000s

Output written on report.pdf (2 pages).
